=====
========== start =========
====================
====================

Recv:
00 00

Response:
30 01 18 f0 00 f0 00 00 00 00 01 01 70 00 00 00 00 00 00 00 00 00 00 00 00 00 00 00 00 00 00 00 00 00 00 00 00 00 00 00 00 00 00 00 00 00 00 00 00 00 00 00 00 00 00 00 00 00 00 00 00 00 00 00

 =====
Recv:
00 00

Response:
30 02 18 f0 00 f0 00 00 00 00 02 02 70 00 00 00 00 00 00 00 00 00 00 00 00 00 00 00 00 00 00 00 00 00 00 00 00 00 00 00 00 00 00 00 00 00 00 00 00 00 00 00 00 00 00 00 00 00 00 00 00 00 00 00

 =====
Recv:
80 05

passthrough
Response:
81 02 00 00 00 00 00 00 00 00 02 02 70 00 00 00 00 00 00 00 00 00 00 00 00 00 00 00 00 00 00 00 00 00 00 00 00 00 00 00 00 00 00 00 00 00 00 00 00 00 00 00 00 00 00 00 00 00 00 00 00 00 00 00

 =====
Recv:
80 01

output_mac_addr
Response:
81 01 00 03 57 30 ea 8a bb 7c 02 02 70 00 00 00 00 00 00 00 00 00 00 00 00 00 00 00 00 00 00 00 00 00 00 00 00 00 00 00 00 00 00 00 00 00 00 00 00 00 00 00 00 00 00 00 00 00 00 00 00 00 00 00

 =====
Recv:
01 00 00 00 00 00 00 00 00 00 03 30 00 00 00 00 00 00 00 00 00 00 00 00 00 00 00 00 00 00 00 00 00 00 00 00 00 00 00 00 00 00 00 00 00 00 00 00 00

output_report_0x01_set_report_mode
Response:
21 03 18 f3 57 f0 ea 8a bb 7c 03 03 70 80 03 00 00 00 00 00 00 00 00 00 00 00 00 00 00 00 00 00 00 00 00 00 00 00 00 00 00 00 00 00 00 00 00 00 00 00 00 00 00 00 00 00 00 00 00 00 00 00 00 00

 =====
Recv:
80 02

output_handshake
Response:
81 02 00 00 00 00 00 00 00 00 00 00 00 00 00 00 00 00 00 00 00 00 00 00 00 00 00 00 00 00 00 00 00 00 00 00 00 00 00 00 00 00 00 00 00 00 00 00 00 00 00 00 00 00 00 00 00 00 00 00 00 00 00 00

 =====
Recv:
80 04

output_hid
Response:
81 04 00 00 00 00 00 00 00 00 07 07 70 00 00 00 00 00 00 00 00 00 00 00 00 00 00 00 00 00 00 00 00 00 00 00 00 00 00 00 00 00 00 00 00 00 00 00 00 00 00 00 00 00 00 00 00 00 00 00 00 00 00 00

 =====
Recv:
01 00 00 00 00 00 00 00 00 00 48 00 00 00 00 00 00 00 00 00 00 00 00 00 00 00 00 00 00 00 00 00 00 00 00 00 00 00 00 00 00 00 00 00 00 00 00 00 00

output_report_0x01_set_vibration
Response:
21 0b 18 f0 00 f0 00 00 00 00 0b 0b 70 00 00 00 00 00 00 00 00 00 00 00 00 00 00 00 00 00 00 00 00 00 00 00 00 00 00 00 00 00 00 00 00 00 00 00 00 00 00 00 00 00 00 00 00 00 00 00 00 00 00 00

 =====
Recv:
01 02 00 00 00 00 00 00 00 00 02 00 00 00 00 00 00 00 00 00 00 00 00 00 00 00 00 00 00 00 00 00 00 00 00 00 00 00 00 00 00 00 00 00 00 00 00 00 00

output_report_0x01_get_device_info
Response:
21 00 8e 84 00 12 01 18 80 01 18 80 80 82 02 03 48 01 02 a2 55 79 ab 78 cc 01 01 00 00 00 00 00 00 00 00 00 00 00 00 00 00 00 00 00 00 00 00 00 00 00 00 00 00 00 00 00 00 00 00 00 00 00 00 00

 =====
Recv:
01 03 00 00 00 00 00 00 00 00 08 00 00 00 00 00 00 00 00 00 00 00 00 00 00 00 00 00 00 00 00 00 00 00 00 00 00 00 00 00 00 00 00 00 00 00 00 00 00

output_report_0x01_0x08_lowpower_state
Response:
21 00 8e 84 00 12 01 18 80 01 18 80 80 80 08 00 00 00 00 00 00 00 00 00 00 00 00 00 00 00 00 00 00 00 00 00 00 00 00 00 00 00 00 00 00 00 00 00 00 00 00 00 00 00 00 00 00 00 00 00 00 00 00 00

 =====
Recv:
01 04 00 00 00 00 00 00 00 00 08 00 00 00 00 00 00 00 00 00 00 00 00 00 00 00 00 00 00 00 00 00 00 00 00 00 00 00 00 00 00 00 00 00 00 00 00 00 00

output_report_0x01_0x08_lowpower_state
Response:
21 01 8e 84 00 12 01 18 80 01 18 80 80 80 08 00 00 00 00 00 00 00 00 00 00 00 00 00 00 00 00 00 00 00 00 00 00 00 00 00 00 00 00 00 00 00 00 00 00 00 00 00 00 00 00 00 00 00 00 00 00 00 00 00

 =====
Recv:
01 05 00 00 00 00 00 00 00 00 10 00 60 00 00 10 00 00 00 00 00 00 00 00 00 00 00 00 00 00 00 00 00 00 00 00 00 00 00 00 00 00 00 00 00 00 00 00 00

output_report_0x01_readspi
0x6000 0x10
Response:
21 38 18 f4 00 f2 01 18 80 01 06 06 70 90 10 00 60 00 00 00 00 00 00 00 00 00 00 00 00 00 00 00 00 00 00 00 00 00 00 00 00 00 00 00 00 00 00 00 00 00 00 00 00 00 00 00 00 00 00 00 00 00 00 00

 =====
Recv:
01 06 00 00 00 00 00 00 00 00 10 00 60 00 00 10 00 00 00 00 00 00 00 00 00 00 00 00 00 00 00 00 00 00 00 00 00 00 00 00 00 00 00 00 00 00 00 00 00

output_report_0x01_readspi
0x6000 0x10
Response:
21 4c 18 04 00 02 01 18 80 01 f2 f2 70 90 10 00 60 00 00 00 00 00 00 00 00 00 00 00 00 00 00 00 00 00 00 00 00 00 00 00 00 00 00 00 00 00 00 00 00 00 00 00 00 00 00 00 00 00 00 00 00 00 00 00

 =====
Recv:
01 07 00 00 00 00 00 00 00 00 10 50 60 00 00 0d 00 00 00 00 00 00 00 00 00 00 00 00 00 00 00 00 00 00 00 00 00 00 00 00 00 00 00 00 00 00 00 00 00

output_report_0x01_readspi
0x6050 0x0d
Response:
21 51 18 04 00 02 01 18 80 01 ed ed 70 90 10 50 60 00 00 00 00 00 00 00 00 00 00 00 00 00 00 00 00 00 00 00 00 00 00 00 00 00 00 00 00 00 00 00 00 00 00 00 00 00 00 00 00 00 00 00 00 00 00 00

 =====
Recv:
01 08 00 00 00 00 00 00 00 00 10 50 60 00 00 0d 00 00 00 00 00 00 00 00 00 00 00 00 00 00 00 00 00 00 00 00 00 00 00 00 00 00 00 00 00 00 00 00 00

output_report_0x01_readspi
0x6050 0x0d
Response:
21 65 18 04 00 02 01 18 80 01 e9 e9 70 90 10 50 60 00 00 00 00 00 00 00 00 00 00 00 00 00 00 00 00 00 00 00 00 00 00 00 00 00 00 00 00 00 00 00 00 00 00 00 00 00 00 00 00 00 00 00 00 00 00 00

 =====
Recv:
01 09 00 00 00 00 00 00 00 00 01 01 99 51 0a 1e 52 5c 00 04 3c 4e 69 6e 74 65 6e 64 6f 20 53 77 69 74 63 68 00 00 00 00 00 68 00 60 d0 d1 0f 2e 00

output_report_0x01_bt_pairing
pairing_type 0x01, 0x99
request x01
Response:
21 6a 18 04 00 02 01 18 80 01 ee ee 70 80 01 99 51 0a 1e 52 5c 00 00 00 00 00 00 00 00 00 00 00 00 00 00 00 00 00 00 00 00 00 00 00 00 00 00 00 00 00 00 00 00 00 00 00 00 00 00 00 00 00 00 00

 =====
